Using pre-set license
Built from '2021.3/staging' branch; Version is '2021.3.31f1 (3409e2af086f) revision 3410402'; Using compiler version '192829333'; Build Type 'Release'
OS: 'Windows 11  (10.0.22621) 64bit Professional' Language: 'es' Physical Memory: 22450 MB
BatchMode: 1, IsHumanControllingUs: 0, StartBugReporterOnCrash: 0, Is64bit: 1, IsPro: 1

COMMAND LINE ARGUMENTS:
C:\Program Files\Unity\Hub\Editor\2021.3.31f1\Editor\Unity.exe
-adb2
-batchMode
-noUpm
-name
AssetImportWorker3
-projectPath
E:/Descargas/ProyectoG6/ProyectoG6
-logFile
Logs/AssetImportWorker3.log
-srvPort
56913
Successfully changed project path to: E:/Descargas/ProyectoG6/ProyectoG6
E:/Descargas/ProyectoG6/ProyectoG6
[UnityMemory] Configuration Parameters - Can be set up in boot.config
    "memorysetup-bucket-allocator-granularity=16"
    "memorysetup-bucket-allocator-bucket-count=8"
    "memorysetup-bucket-allocator-block-size=33554432"
    "memorysetup-bucket-allocator-block-count=8"
    "memorysetup-main-allocator-block-size=16777216"
    "memorysetup-thread-allocator-block-size=16777216"
    "memorysetup-gfx-main-allocator-block-size=16777216"
    "memorysetup-gfx-thread-allocator-block-size=16777216"
    "memorysetup-cache-allocator-block-size=4194304"
    "memorysetup-typetree-allocator-block-size=2097152"
    "memorysetup-profiler-bucket-allocator-granularity=16"
    "memorysetup-profiler-bucket-allocator-bucket-count=8"
    "memorysetup-profiler-bucket-allocator-block-size=33554432"
    "memorysetup-profiler-bucket-allocator-block-count=8"
    "memorysetup-profiler-allocator-block-size=16777216"
    "memorysetup-profiler-editor-allocator-block-size=1048576"
    "memorysetup-temp-allocator-size-main=16777216"
    "memorysetup-job-temp-allocator-block-size=2097152"
    "memorysetup-job-temp-allocator-block-size-background=1048576"
    "memorysetup-job-temp-allocator-reduction-small-platforms=262144"
    "memorysetup-temp-allocator-size-background-worker=32768"
    "memorysetup-temp-allocator-size-job-worker=262144"
    "memorysetup-temp-allocator-size-preload-manager=33554432"
    "memorysetup-temp-allocator-size-nav-mesh-worker=65536"
    "memorysetup-temp-allocator-size-audio-worker=65536"
    "memorysetup-temp-allocator-size-cloud-worker=32768"
    "memorysetup-temp-allocator-size-gi-baking-worker=262144"
    "memorysetup-temp-allocator-size-gfx=262144"
Player connection [1688] Host "[IP] 192.168.1.11 [Port] 0 [Flags] 2 [Guid] 3260933527 [EditorId] 3260933527 [Version] 1048832 [Id] WindowsEditor(7,DESKTOP-BAHVHBI) [Debug] 1 [PackageName] WindowsEditor [ProjectName] Editor" joined multi-casting on [225.0.0.222:54997]...

Player connection [1688] Host "[IP] 192.168.1.11 [Port] 0 [Flags] 2 [Guid] 3260933527 [EditorId] 3260933527 [Version] 1048832 [Id] WindowsEditor(7,DESKTOP-BAHVHBI) [Debug] 1 [PackageName] WindowsEditor [ProjectName] Editor" joined alternative multi-casting on [225.0.0.222:34997]...

[Physics::Module] Initialized MultithreadedJobDispatcher with {0} workers.
Refreshing native plugins compatible for Editor in 261.21 ms, found 4 plugins.
Preloading 0 native plugins for Editor in 0.00 ms.
Initialize engine version: 2021.3.31f1 (3409e2af086f)
[Subsystems] Discovering subsystems at path C:/Program Files/Unity/Hub/Editor/2021.3.31f1/Editor/Data/Resources/UnitySubsystems
[Subsystems] Discovering subsystems at path E:/Descargas/ProyectoG6/ProyectoG6/Assets
GfxDevice: creating device client; threaded=0; jobified=0
Direct3D:
    Version:  Direct3D 11.0 [level 11.1]
    Renderer: AMD Radeon RX 6600 (ID=0x73ff)
    Vendor:   ATI
    VRAM:     8147 MB
    Driver:   31.0.21018.6011
Initialize mono
Mono path[0] = 'C:/Program Files/Unity/Hub/Editor/2021.3.31f1/Editor/Data/Managed'
Mono path[1] = 'C:/Program Files/Unity/Hub/Editor/2021.3.31f1/Editor/Data/MonoBleedingEdge/lib/mono/unityjit-win32'
Mono config path = 'C:/Program Files/Unity/Hub/Editor/2021.3.31f1/Editor/Data/MonoBleedingEdge/etc'
Using monoOptions --debugger-agent=transport=dt_socket,embedding=1,server=y,suspend=n,address=127.0.0.1:56500
Begin MonoManager ReloadAssembly
Registering precompiled unity dll's ...
Register platform support module: C:/Program Files/Unity/Hub/Editor/2021.3.31f1/Editor/Data/PlaybackEngines/WindowsStandaloneSupport/UnityEditor.WindowsStandalone.Extensions.dll
Registered in 0.011572 seconds.
Native extension for WindowsStandalone target not found
Refreshing native plugins compatible for Editor in 181.59 ms, found 4 plugins.
Preloading 0 native plugins for Editor in 0.00 ms.
Mono: successfully reloaded assembly
- Completed reload, in  1.259 seconds
Domain Reload Profiling:
	ReloadAssembly (1260ms)
		BeginReloadAssembly (244ms)
			ExecutionOrderSort (0ms)
			DisableScriptedObjects (0ms)
			BackupInstance (0ms)
			ReleaseScriptingObjects (0ms)
			CreateAndSetChildDomain (2ms)
		EndReloadAssembly (842ms)
			LoadAssemblies (238ms)
			RebuildTransferFunctionScriptingTraits (0ms)
			SetupTypeCache (186ms)
			ReleaseScriptCaches (0ms)
			RebuildScriptCaches (56ms)
			SetupLoadedEditorAssemblies (527ms)
				LogAssemblyErrors (0ms)
				InitializePlatformSupportModulesInManaged (13ms)
				SetLoadedEditorAssemblies (0ms)
				RefreshPlugins (182ms)
				BeforeProcessingInitializeOnLoad (2ms)
				ProcessInitializeOnLoadAttributes (247ms)
				ProcessInitializeOnLoadMethodAttributes (83ms)
				AfterProcessingInitializeOnLoad (0ms)
				EditorAssembliesLoaded (0ms)
			ExecutionOrderSort2 (0ms)
			AwakeInstancesAfterBackupRestoration (0ms)
Platform modules already initialized, skipping
Registering precompiled user dll's ...
Registered in 0.005922 seconds.
Begin MonoManager ReloadAssembly
Native extension for WindowsStandalone target not found
Refreshing native plugins compatible for Editor in 157.21 ms, found 4 plugins.
Preloading 0 native plugins for Editor in 0.00 ms.
System.Exception: Error! Visual Scripting: couldn't find visual scripting package
  at Unity.VisualScripting.PackageVersionUtility.get_version () [0x00043] in E:\Descargas\ProyectoG6\ProyectoG6\Library\PackageCache\com.unity.visualscripting@1.9.1\Editor\VisualScripting.Core\Utilities\PackageVersionUtility.cs:31 
  at Unity.VisualScripting.BoltCoreManifest.get_version () [0x00000] in E:\Descargas\ProyectoG6\ProyectoG6\Library\PackageCache\com.unity.visualscripting@1.9.1\Editor\VisualScripting.Core\Plugin\BoltCoreManifest.cs:11 
  at Unity.VisualScripting.PluginManifest.get_currentVersion () [0x00000] in E:\Descargas\ProyectoG6\ProyectoG6\Library\PackageCache\com.unity.visualscripting@1.9.1\Editor\VisualScripting.Core\Plugins\PluginManifest.cs:33 
  at Unity.VisualScripting.PluginManifest.get_versionMismatch () [0x00000] in E:\Descargas\ProyectoG6\ProyectoG6\Library\PackageCache\com.unity.visualscripting@1.9.1\Editor\VisualScripting.Core\Plugins\PluginManifest.cs:48 
  at Unity.VisualScripting.PluginContainer.Initialize () [0x00525] in E:\Descargas\ProyectoG6\ProyectoG6\Library\PackageCache\com.unity.visualscripting@1.9.1\Editor\VisualScripting.Core\Plugins\PluginContainer.cs:208 
  at Unity.VisualScripting.PluginContainer.InitializeOnLoad () [0x00009] in E:\Descargas\ProyectoG6\ProyectoG6\Library\PackageCache\com.unity.visualscripting@1.9.1\Editor\VisualScripting.Core\Plugins\PluginContainer.cs:32 
  at Unity.VisualScripting.VSUsageUtility.DoInitializeOnLoadCalls () [0x00034] in E:\Descargas\ProyectoG6\ProyectoG6\Library\PackageCache\com.unity.visualscripting@1.9.1\Editor\VisualScripting.Core\Utilities\VSUsageUtility.cs:76 
  at Unity.VisualScripting.VSUsageUtility.set_isVisualScriptingUsed (System.Boolean value) [0x0002c] in E:\Descargas\ProyectoG6\ProyectoG6\Library\PackageCache\com.unity.visualscripting@1.9.1\Editor\VisualScripting.Core\Utilities\VSUsageUtility.cs:114 
  at Unity.VisualScripting.VSUsageUtility.CheckAndSetIsVisualScriptingUsed () [0x00032] in E:\Descargas\ProyectoG6\ProyectoG6\Library\PackageCache\com.unity.visualscripting@1.9.1\Editor\VisualScripting.Core\Utilities\VSUsageUtility.cs:48 
  at Unity.VisualScripting.VSUsageUtility..cctor () [0x00000] in E:\Descargas\ProyectoG6\ProyectoG6\Library\PackageCache\com.unity.visualscripting@1.9.1\Editor\VisualScripting.Core\Utilities\VSUsageUtility.cs:22 
UnityEngine.StackTraceUtility:ExtractStackTrace ()
UnityEngine.DebugLogHandler:LogFormat (UnityEngine.LogType,UnityEngine.Object,string,object[])
UnityEngine.Logger:Log (UnityEngine.LogType,object)
UnityEngine.Debug:LogError (object)
UnityEditor.EditorAssemblies:ProcessInitializeOnLoadAttributes (System.Type[])

Package Manager log level set to [2]
[Package Manager] Server::EnsureServerProcessIsRunning -- launch failed, reason: Unity was launched with the -noUpm command-line argument
[Package Manager] Cannot connect to Unity Package Manager local server
Mono: successfully reloaded assembly
- Completed reload, in  3.109 seconds
Domain Reload Profiling:
	ReloadAssembly (3110ms)
		BeginReloadAssembly (192ms)
			ExecutionOrderSort (0ms)
			DisableScriptedObjects (8ms)
			BackupInstance (0ms)
			ReleaseScriptingObjects (0ms)
			CreateAndSetChildDomain (24ms)
		EndReloadAssembly (2750ms)
			LoadAssemblies (160ms)
			RebuildTransferFunctionScriptingTraits (0ms)
			SetupTypeCache (425ms)
			ReleaseScriptCaches (1ms)
			RebuildScriptCaches (94ms)
			SetupLoadedEditorAssemblies (2037ms)
				LogAssemblyErrors (0ms)
				InitializePlatformSupportModulesInManaged (10ms)
				SetLoadedEditorAssemblies (0ms)
				RefreshPlugins (157ms)
				BeforeProcessingInitializeOnLoad (179ms)
				ProcessInitializeOnLoadAttributes (1493ms)
				ProcessInitializeOnLoadMethodAttributes (186ms)
				AfterProcessingInitializeOnLoad (10ms)
				EditorAssembliesLoaded (0ms)
			ExecutionOrderSort2 (0ms)
			AwakeInstancesAfterBackupRestoration (9ms)
Platform modules already initialized, skipping
========================================================================
Worker process is ready to serve import requests
Launched and connected shader compiler UnityShaderCompiler.exe after 0.14 seconds
Refreshing native plugins compatible for Editor in 1.49 ms, found 4 plugins.
Preloading 0 native plugins for Editor in 0.00 ms.
Unloading 5296 Unused Serialized files (Serialized files now loaded: 0)
Unloading 41 unused Assets / (0.7 MB). Loaded Objects now: 5748.
Memory consumption went from 208.5 MB to 207.8 MB.
Total: 26.051000 ms (FindLiveObjects: 0.597100 ms CreateObjectMapping: 0.758300 ms MarkObjects: 23.915800 ms  DeleteObjects: 0.777700 ms)

AssetImportParameters requested are different than current active one (requested -> active):
  custom:video-decoder-ogg-theora: a1e56fd34408186e4bbccfd4996cb3dc -> 
  custom:container-muxer-webm: aa71ff27fc2769a1b78a27578f13a17b -> 
  custom:container-demuxer-webm: 4f35f7cbe854078d1ac9338744f61a02 -> 
  custom:video-encoder-webm-vp8: eb34c28f22e8b96e1ab97ce403110664 -> 
  custom:video-codec-MediaFoundation-h265: 746d11721c4dcdbdad8f713fa42b33f4 -> 
  custom:CustomObjectIndexerAttribute: 6b0e35c9178b02a6363f3721b7b8e397 -> 
  custom:audio-encoder-webm-vorbis: bf7c407c2cedff20999df2af8eb42d56 -> 
  custom:framework-win-MediaFoundation: 216162199b28c13a410421893ffa2e32 -> 
  custom:SearchIndexIgnoredProperties: e643bd26f0fe6173181afceb89e7c659 -> 
  custom:container-demuxer-ogg: 62fdf1f143b41e24485cea50d1cbac27 -> 
  custom:video-decoder-webm-vp8: 9c59270c3fd7afecdb556c50c9e8de78 -> 
  custom:audio-decoder-ogg-vorbis: bf7c407c2cedff20999df2af8eb42d56 -> 
========================================================================
Received Import Request.
  Time since last request: 158516.195648 seconds.
  path: Assets/Sprites/Tilesets/Platformer/Ground-Additional_01.png
  artifactKey: Guid(9c00f9ef8faadff46a6de0a03739d24e) Importer(2089858483,0ecaa5967403d082aa24f35e1b516d23)
Number of updated assets reloaded before import = 0
Start importing Assets/Sprites/Tilesets/Platformer/Ground-Additional_01.png using Guid(9c00f9ef8faadff46a6de0a03739d24e) Importer(2089858483,0ecaa5967403d082aa24f35e1b516d23) 
=================================================================
	Native Crash Reporting
=================================================================
Got a UNKNOWN while executing native code. This usually indicates
a fatal error in the mono runtime or one of the native libraries 
used by your application.
=================================================================

=================================================================
	Managed Stacktrace:
=================================================================
	  at <unknown> <0xffffffff>
	  at UnityEditor.SerializedProperty:get_tooltip <0x00192>
	  at UnityEditor.Search.ObjectIndexer:LogProperty <0x0016a>
	  at UnityEditor.Search.ObjectIndexer:IndexProperty <0x00a32>
	  at UnityEditor.Search.ObjectIndexer:IndexProperties <0x00202>
	  at UnityEditor.Search.ObjectIndexer:IndexProperties <0x00052>
	  at UnityEditor.Search.ObjectIndexer:IndexObject <0x0014a>
	  at UnityEditor.Search.ObjectIndexer:IndexObject <0x00042>
	  at UnityEditor.Search.AssetIndexer:IndexSubAsset <0x003ea>
	  at UnityEditor.Search.AssetIndexer:IndexDocument <0x00bda>
	  at UnityEditor.Search.SearchIndexEntryImporter:OnImportAsset <0x00169>
	  at UnityEditor.AssetImporters.ScriptedImporter:GenerateAssetData <0x00018>
	  at <Module>:runtime_invoke_void__this___object <0x00092>
=================================================================
Generated GUIDs only implemented for interfaces!
 -> (artifact id: '95d37aa66437cd3a378d2c75f5b84afb') in 0.663240 seconds 
Number of asset objects unloaded after import = 3
========================================================================
Received Import Request.
  Time since last request: 0.000053 seconds.
  path: Assets/Sprites/Characters/png/1/attack1/1_police_attack_Attack1_003.png
  artifactKey: Guid(f56a6efe99b87354db46ee8b3310f84f) Importer(2089858483,0ecaa5967403d082aa24f35e1b516d23)
Number of updated assets reloaded before import = 0
Start importing Assets/Sprites/Characters/png/1/attack1/1_police_attack_Attack1_003.png using Guid(f56a6efe99b87354db46ee8b3310f84f) Importer(2089858483,0ecaa5967403d082aa24f35e1b516d23) Generated GUIDs only implemented for interfaces!
 -> (artifact id: 'fbccd40f3719e0d2d186ee3d806f45bc') in 0.319627 seconds 
Number of asset objects unloaded after import = 3
========================================================================
Received Import Request.
  Time since last request: 0.000049 seconds.
  path: Assets/Sprites/Characters/png/1/walk/1_police_Walk_005.png
  artifactKey: Guid(f3959202cf348e748a7098a15b90bf5f) Importer(2089858483,0ecaa5967403d082aa24f35e1b516d23)
Number of updated assets reloaded before import = 0
Start importing Assets/Sprites/Characters/png/1/walk/1_police_Walk_005.png using Guid(f3959202cf348e748a7098a15b90bf5f) Importer(2089858483,0ecaa5967403d082aa24f35e1b516d23) Generated GUIDs only implemented for interfaces!
 -> (artifact id: '12366d010fd9b547d7ceecf4061f8e39') in 0.038116 seconds 
Number of asset objects unloaded after import = 3
========================================================================
Received Import Request.
  Time since last request: 0.000037 seconds.
  path: Assets/Sprites/Tilesets/Paralax/1.png
  artifactKey: Guid(5b0f1ae4ad9725644b14fdc3c0f5830e) Importer(2089858483,0ecaa5967403d082aa24f35e1b516d23)
Number of updated assets reloaded before import = 0
Start importing Assets/Sprites/Tilesets/Paralax/1.png using Guid(5b0f1ae4ad9725644b14fdc3c0f5830e) Importer(2089858483,0ecaa5967403d082aa24f35e1b516d23) Generated GUIDs only implemented for interfaces!
 -> (artifact id: '16e620c1fb4824f7bd8edb67e4b62b33') in 0.071806 seconds 
Number of asset objects unloaded after import = 3
========================================================================
Received Import Request.
  Time since last request: 0.000049 seconds.
  path: Assets/Sprites/Characters/png/1/attack/1_police_attack_Attack_000_004.png
  artifactKey: Guid(324c944be8d42ce42bdaff8f96c03178) Importer(2089858483,0ecaa5967403d082aa24f35e1b516d23)
Number of updated assets reloaded before import = 0
Start importing Assets/Sprites/Characters/png/1/attack/1_police_attack_Attack_000_004.png using Guid(324c944be8d42ce42bdaff8f96c03178) Importer(2089858483,0ecaa5967403d082aa24f35e1b516d23) Generated GUIDs only implemented for interfaces!
 -> (artifact id: '715f01357a9c61cc91a762272448bf3c') in 0.042141 seconds 
Number of asset objects unloaded after import = 3
========================================================================
Received Import Request.
  Time since last request: 0.000031 seconds.
  path: Assets/Sprites/Characters/png/2/attack/2_police_attack_Attack_000_004.png
  artifactKey: Guid(ed6db6de49e05b94e823a1498df9c07c) Importer(2089858483,0ecaa5967403d082aa24f35e1b516d23)
Number of updated assets reloaded before import = 0
Start importing Assets/Sprites/Characters/png/2/attack/2_police_attack_Attack_000_004.png using Guid(ed6db6de49e05b94e823a1498df9c07c) Importer(2089858483,0ecaa5967403d082aa24f35e1b516d23) Generated GUIDs only implemented for interfaces!
 -> (artifact id: '5fc7dca88896e838f262be22025d7db6') in 0.036397 seconds 
Number of asset objects unloaded after import = 3
========================================================================
Received Import Request.
  Time since last request: 0.000036 seconds.
  path: Assets/Sprites/Tilesets/Collectable Object/Coin_03.png
  artifactKey: Guid(621350979d5287c47811e6ef0abe22ad) Importer(2089858483,0ecaa5967403d082aa24f35e1b516d23)
Number of updated assets reloaded before import = 0
Start importing Assets/Sprites/Tilesets/Collectable Object/Coin_03.png using Guid(621350979d5287c47811e6ef0abe22ad) Importer(2089858483,0ecaa5967403d082aa24f35e1b516d23) Generated GUIDs only implemented for interfaces!
 -> (artifact id: '39834bedbd3f582eb32e6dba48192e42') in 0.191390 seconds 
Number of asset objects unloaded after import = 3
========================================================================
Received Import Request.
  Time since last request: 0.000031 seconds.
  path: Assets/Sprites/Characters/png/1/idle/1_police_Idle_007.png
  artifactKey: Guid(e63c4d8df2f0e4243b0ff0f5d9c3c33b) Importer(2089858483,0ecaa5967403d082aa24f35e1b516d23)
Number of updated assets reloaded before import = 0
Start importing Assets/Sprites/Characters/png/1/idle/1_police_Idle_007.png using Guid(e63c4d8df2f0e4243b0ff0f5d9c3c33b) Importer(2089858483,0ecaa5967403d082aa24f35e1b516d23) Generated GUIDs only implemented for interfaces!
 -> (artifact id: 'd6afed49cf880dca2ebf3178ba2d777d') in 0.055491 seconds 
Number of asset objects unloaded after import = 3
========================================================================
Received Import Request.
  Time since last request: 0.000037 seconds.
  path: Assets/Sprites/Tilesets/Collectable Object/Light.png
  artifactKey: Guid(952e2a8cfe222f54686ac4be1b6dc6d1) Importer(2089858483,0ecaa5967403d082aa24f35e1b516d23)
Number of updated assets reloaded before import = 0
Start importing Assets/Sprites/Tilesets/Collectable Object/Light.png using Guid(952e2a8cfe222f54686ac4be1b6dc6d1) Importer(2089858483,0ecaa5967403d082aa24f35e1b516d23) Generated GUIDs only implemented for interfaces!
 -> (artifact id: 'e46240442dec24c7dd0408356bdeb41c') in 0.286307 seconds 
Number of asset objects unloaded after import = 3
========================================================================
Received Import Request.
  Time since last request: 0.000029 seconds.
  path: Assets/Settings/UniversalRP.asset
  artifactKey: Guid(681886c5eb7344803b6206f758bf0b1c) Importer(2089858483,0ecaa5967403d082aa24f35e1b516d23)
Number of updated assets reloaded before import = 0
Start importing Assets/Settings/UniversalRP.asset using Guid(681886c5eb7344803b6206f758bf0b1c) Importer(2089858483,0ecaa5967403d082aa24f35e1b516d23) Generated GUIDs only implemented for interfaces!
 -> (artifact id: '6ff0a3b7745158fab50f841a9d1fc28a') in 0.063816 seconds 
Number of asset objects unloaded after import = 1
========================================================================
Received Import Request.
  Time since last request: 0.000039 seconds.
  path: Assets/Sprites/Characters/png/1/attack/1_police_attack_Attack_000_001.png
  artifactKey: Guid(3a6f8677ce22fd940bc3310320cf169a) Importer(2089858483,0ecaa5967403d082aa24f35e1b516d23)
Number of updated assets reloaded before import = 0
Start importing Assets/Sprites/Characters/png/1/attack/1_police_attack_Attack_000_001.png using Guid(3a6f8677ce22fd940bc3310320cf169a) Importer(2089858483,0ecaa5967403d082aa24f35e1b516d23) Generated GUIDs only implemented for interfaces!
 -> (artifact id: 'a5b7045b8793001e65d0fbb970f959e6') in 0.031336 seconds 
Number of asset objects unloaded after import = 3
========================================================================
Received Import Request.
  Time since last request: 0.000036 seconds.
  path: Assets/Sprites/Tilesets/Environment/Statue.png
  artifactKey: Guid(57145875fdd5b1f43864d0df80aff269) Importer(2089858483,0ecaa5967403d082aa24f35e1b516d23)
Number of updated assets reloaded before import = 0
Start importing Assets/Sprites/Tilesets/Environment/Statue.png using Guid(57145875fdd5b1f43864d0df80aff269) Importer(2089858483,0ecaa5967403d082aa24f35e1b516d23) Generated GUIDs only implemented for interfaces!
 -> (artifact id: '644e4e13d21799570dae6a4af050f4bd') in 0.723963 seconds 
Number of asset objects unloaded after import = 3
========================================================================
Received Import Request.
  Time since last request: 0.000038 seconds.
  path: Assets/Sprites/Characters/png/2/jump/2_police_Jump_003.png
  artifactKey: Guid(c91d5f718692fbe438a0aae09d51d91d) Importer(2089858483,0ecaa5967403d082aa24f35e1b516d23)
Number of updated assets reloaded before import = 0
Start importing Assets/Sprites/Characters/png/2/jump/2_police_Jump_003.png using Guid(c91d5f718692fbe438a0aae09d51d91d) Importer(2089858483,0ecaa5967403d082aa24f35e1b516d23) Generated GUIDs only implemented for interfaces!
 -> (artifact id: 'eb29bfe2c4a1f7d321e6b98b4d091c8b') in 0.044228 seconds 
Number of asset objects unloaded after import = 3
========================================================================
Received Import Request.
  Time since last request: 0.000055 seconds.
  path: Assets/Sprites/Characters/png/2/attack1/2_police_attack_Attack1_006.png
  artifactKey: Guid(f1b86cb45cc1ff442a0a51e4578d3856) Importer(2089858483,0ecaa5967403d082aa24f35e1b516d23)
Number of updated assets reloaded before import = 0
Start importing Assets/Sprites/Characters/png/2/attack1/2_police_attack_Attack1_006.png using Guid(f1b86cb45cc1ff442a0a51e4578d3856) Importer(2089858483,0ecaa5967403d082aa24f35e1b516d23) Generated GUIDs only implemented for interfaces!
 -> (artifact id: '6d861023abdaa6c7763808b7c18d430b') in 0.049655 seconds 
Number of asset objects unloaded after import = 3
========================================================================
Received Import Request.
  Time since last request: 0.000044 seconds.
  path: Assets/Sprites/Characters/png/2/hurt/2_police_Hurt_004.png
  artifactKey: Guid(df9f5a1859417c844be2fc86ce8f3c04) Importer(2089858483,0ecaa5967403d082aa24f35e1b516d23)
Number of updated assets reloaded before import = 0
Start importing Assets/Sprites/Characters/png/2/hurt/2_police_Hurt_004.png using Guid(df9f5a1859417c844be2fc86ce8f3c04) Importer(2089858483,0ecaa5967403d082aa24f35e1b516d23) Generated GUIDs only implemented for interfaces!
 -> (artifact id: '132e0da287da0ed40434ab699b180413') in 0.045352 seconds 
Number of asset objects unloaded after import = 3
========================================================================
Received Import Request.
  Time since last request: 0.000033 seconds.
  path: Assets/Sprites/Characters/png/2/attack1/2_police_attack_Attack1_005.png
  artifactKey: Guid(116a7639d1e3e434eb8d44fe411ed0a7) Importer(2089858483,0ecaa5967403d082aa24f35e1b516d23)
Number of updated assets reloaded before import = 0
Start importing Assets/Sprites/Characters/png/2/attack1/2_police_attack_Attack1_005.png using Guid(116a7639d1e3e434eb8d44fe411ed0a7) Importer(2089858483,0ecaa5967403d082aa24f35e1b516d23) Generated GUIDs only implemented for interfaces!
 -> (artifact id: '305fc6370071dfb261456b47b7d67aa5') in 0.053137 seconds 
Number of asset objects unloaded after import = 3
========================================================================
Received Import Request.
  Time since last request: 0.000031 seconds.
  path: Assets/Sprites/Characters/png/2/idle/2_police_Idle_006.png
  artifactKey: Guid(2444d8b73b331cd4fb8c9f6efc0c08c2) Importer(2089858483,0ecaa5967403d082aa24f35e1b516d23)
Number of updated assets reloaded before import = 0
Start importing Assets/Sprites/Characters/png/2/idle/2_police_Idle_006.png using Guid(2444d8b73b331cd4fb8c9f6efc0c08c2) Importer(2089858483,0ecaa5967403d082aa24f35e1b516d23) Generated GUIDs only implemented for interfaces!
 -> (artifact id: '6a455a105fdbd085f7ad0bdc17917175') in 0.055025 seconds 
Number of asset objects unloaded after import = 3
========================================================================
Received Import Request.
  Time since last request: 0.000051 seconds.
  path: Assets/Sprites/Characters/png/2/attack3/2_police_attack_Attack3_000.png
  artifactKey: Guid(5db739f05e477774d8ad759f3d3d6404) Importer(2089858483,0ecaa5967403d082aa24f35e1b516d23)
Number of updated assets reloaded before import = 0
Start importing Assets/Sprites/Characters/png/2/attack3/2_police_attack_Attack3_000.png using Guid(5db739f05e477774d8ad759f3d3d6404) Importer(2089858483,0ecaa5967403d082aa24f35e1b516d23) Generated GUIDs only implemented for interfaces!
 -> (artifact id: '822e5f3d5ced8eab671d70a072134a06') in 0.044033 seconds 
Number of asset objects unloaded after import = 3
========================================================================
Received Import Request.
  Time since last request: 0.000035 seconds.
  path: Assets/Sprites/Characters/png/2/walk/2_police_Walk_000.png
  artifactKey: Guid(d5907a448f2696e45a04b9cdb7aea326) Importer(2089858483,0ecaa5967403d082aa24f35e1b516d23)
Number of updated assets reloaded before import = 0
Start importing Assets/Sprites/Characters/png/2/walk/2_police_Walk_000.png using Guid(d5907a448f2696e45a04b9cdb7aea326) Importer(2089858483,0ecaa5967403d082aa24f35e1b516d23) Generated GUIDs only implemented for interfaces!
 -> (artifact id: '844c60e674206276c508466998a52b9a') in 0.064108 seconds 
Number of asset objects unloaded after import = 3
========================================================================
Received Import Request.
  Time since last request: 0.000049 seconds.
  path: Assets/Sprites/Characters/png/3/attack1/3_police_attack_Attack1_000.png
  artifactKey: Guid(886578d0e23701c4991b82a23647b0f5) Importer(2089858483,0ecaa5967403d082aa24f35e1b516d23)
Number of updated assets reloaded before import = 0
Start importing Assets/Sprites/Characters/png/3/attack1/3_police_attack_Attack1_000.png using Guid(886578d0e23701c4991b82a23647b0f5) Importer(2089858483,0ecaa5967403d082aa24f35e1b516d23) Generated GUIDs only implemented for interfaces!
 -> (artifact id: '0ea572eaff5dbf3ae35103d27fbf8b71') in 0.034808 seconds 
Number of asset objects unloaded after import = 3
========================================================================
Received Import Request.
  Time since last request: 0.000051 seconds.
  path: Assets/Sprites/Characters/png/2/jump/2_police_Jump_001.png
  artifactKey: Guid(7b6f697f8fdb10647a22c743e4067213) Importer(2089858483,0ecaa5967403d082aa24f35e1b516d23)
Number of updated assets reloaded before import = 0
Start importing Assets/Sprites/Characters/png/2/jump/2_police_Jump_001.png using Guid(7b6f697f8fdb10647a22c743e4067213) Importer(2089858483,0ecaa5967403d082aa24f35e1b516d23) Generated GUIDs only implemented for interfaces!
 -> (artifact id: 'd831f920d7f1f9392bd15de8423fcf7a') in 0.038459 seconds 
Number of asset objects unloaded after import = 3
========================================================================
Received Import Request.
  Time since last request: 0.000063 seconds.
  path: Assets/Sprites/Characters/png/3/attack1/3_police_attack_Attack1_006.png
  artifactKey: Guid(ef500892b735b0b4b9da28e5d7ef46c2) Importer(2089858483,0ecaa5967403d082aa24f35e1b516d23)
Number of updated assets reloaded before import = 0
Start importing Assets/Sprites/Characters/png/3/attack1/3_police_attack_Attack1_006.png using Guid(ef500892b735b0b4b9da28e5d7ef46c2) Importer(2089858483,0ecaa5967403d082aa24f35e1b516d23) Generated GUIDs only implemented for interfaces!
 -> (artifact id: '8340e3c16268ce25cabb1cf722b79335') in 0.060336 seconds 
Number of asset objects unloaded after import = 3
========================================================================
Received Import Request.
  Time since last request: 0.000060 seconds.
  path: Assets/Sprites/Characters/png/2/attack3/2_police_attack_Attack3_005.png
  artifactKey: Guid(9fa51be060565b744a5c4e6c8a93c755) Importer(2089858483,0ecaa5967403d082aa24f35e1b516d23)
Number of updated assets reloaded before import = 0
Start importing Assets/Sprites/Characters/png/2/attack3/2_police_attack_Attack3_005.png using Guid(9fa51be060565b744a5c4e6c8a93c755) Importer(2089858483,0ecaa5967403d082aa24f35e1b516d23) Generated GUIDs only implemented for interfaces!
 -> (artifact id: '9414837254a0634d3b1f29a8df0f78a5') in 0.066657 seconds 
Number of asset objects unloaded after import = 3
========================================================================
Received Import Request.
  Time since last request: 0.000035 seconds.
  path: Assets/Sprites/Characters/png/3/attack/3_police_attack_Attack_001.png
  artifactKey: Guid(2903a667b45c1a647b7203dc88138e55) Importer(2089858483,0ecaa5967403d082aa24f35e1b516d23)
Number of updated assets reloaded before import = 0
Start importing Assets/Sprites/Characters/png/3/attack/3_police_attack_Attack_001.png using Guid(2903a667b45c1a647b7203dc88138e55) Importer(2089858483,0ecaa5967403d082aa24f35e1b516d23) Generated GUIDs only implemented for interfaces!
 -> (artifact id: '00c945ecd9ff54bc43422b62a6df722c') in 0.052909 seconds 
Number of asset objects unloaded after import = 3
========================================================================
Received Import Request.
  Time since last request: 0.000045 seconds.
  path: Assets/Sprites/Characters/png/3/attack/3_police_attack_Attack_004.png
  artifactKey: Guid(eacbfda622d71db40b505f67a0022bb9) Importer(2089858483,0ecaa5967403d082aa24f35e1b516d23)
Number of updated assets reloaded before import = 0
Start importing Assets/Sprites/Characters/png/3/attack/3_police_attack_Attack_004.png using Guid(eacbfda622d71db40b505f67a0022bb9) Importer(2089858483,0ecaa5967403d082aa24f35e1b516d23) Generated GUIDs only implemented for interfaces!
 -> (artifact id: '19520745c8c5b73c61e54d466646d4ef') in 0.056694 seconds 
Number of asset objects unloaded after import = 3
========================================================================
Received Import Request.
  Time since last request: 0.000052 seconds.
  path: Assets/Sprites/Characters/png/2/hurt/2_police_Hurt_005.png
  artifactKey: Guid(a96dfd2fc6088734d827187a1e5b6e75) Importer(2089858483,0ecaa5967403d082aa24f35e1b516d23)
Number of updated assets reloaded before import = 0
Start importing Assets/Sprites/Characters/png/2/hurt/2_police_Hurt_005.png using Guid(a96dfd2fc6088734d827187a1e5b6e75) Importer(2089858483,0ecaa5967403d082aa24f35e1b516d23) Generated GUIDs only implemented for interfaces!
 -> (artifact id: '4ca026b196f0057d819a4b554ce6b7ee') in 0.065886 seconds 
Number of asset objects unloaded after import = 3
========================================================================
Received Import Request.
  Time since last request: 0.000087 seconds.
  path: Assets/Sprites/Characters/png/3/attack1/3_police_attack_Attack1_009.png
  artifactKey: Guid(31fa819a75a9562409d556e8fc404fa1) Importer(2089858483,0ecaa5967403d082aa24f35e1b516d23)
Number of updated assets reloaded before import = 0
Start importing Assets/Sprites/Characters/png/3/attack1/3_police_attack_Attack1_009.png using Guid(31fa819a75a9562409d556e8fc404fa1) Importer(2089858483,0ecaa5967403d082aa24f35e1b516d23) Generated GUIDs only implemented for interfaces!
 -> (artifact id: '37632493e5049fc5c58393f74d414c53') in 0.072286 seconds 
Number of asset objects unloaded after import = 3
========================================================================
Received Import Request.
  Time since last request: 0.000039 seconds.
  path: Assets/Sprites/Tilesets/Platformer/Ground_12.png
  artifactKey: Guid(4981a7fc554c9b743a7498108135f94c) Importer(2089858483,0ecaa5967403d082aa24f35e1b516d23)
Number of updated assets reloaded before import = 0
Start importing Assets/Sprites/Tilesets/Platformer/Ground_12.png using Guid(4981a7fc554c9b743a7498108135f94c) Importer(2089858483,0ecaa5967403d082aa24f35e1b516d23) Generated GUIDs only implemented for interfaces!
 -> (artifact id: '9b067112e3ad089bee280711e3968308') in 0.057631 seconds 
Number of asset objects unloaded after import = 3
========================================================================
Received Import Request.
  Time since last request: 0.000039 seconds.
  path: Assets/Sprites/Characters/png/3/hurt/3_police_Hurt_008.png
  artifactKey: Guid(f31c4d75ee36f5f4580387bcaa5c77f9) Importer(2089858483,0ecaa5967403d082aa24f35e1b516d23)
Number of updated assets reloaded before import = 0
Start importing Assets/Sprites/Characters/png/3/hurt/3_police_Hurt_008.png using Guid(f31c4d75ee36f5f4580387bcaa5c77f9) Importer(2089858483,0ecaa5967403d082aa24f35e1b516d23) Generated GUIDs only implemented for interfaces!
 -> (artifact id: '169c8d852f1e40d8a7dfeba259943252') in 0.061374 seconds 
Number of asset objects unloaded after import = 3
========================================================================
Received Import Request.
  Time since last request: 0.000051 seconds.
  path: Assets/Sprites/Characters/png/3/idle/3_police_Idle_004.png
  artifactKey: Guid(9145d9a6ad3921047add8497f9daef24) Importer(2089858483,0ecaa5967403d082aa24f35e1b516d23)
Number of updated assets reloaded before import = 0
Start importing Assets/Sprites/Characters/png/3/idle/3_police_Idle_004.png using Guid(9145d9a6ad3921047add8497f9daef24) Importer(2089858483,0ecaa5967403d082aa24f35e1b516d23) Generated GUIDs only implemented for interfaces!
 -> (artifact id: '9c6f3e6cb18e8a5fb5c53f0d5bbda16f') in 0.057958 seconds 
Number of asset objects unloaded after import = 3
========================================================================
Received Import Request.
  Time since last request: 0.000030 seconds.
  path: Assets/Sprites/Characters/png/3/attack3/3_police_attack_Attack3_002.png
  artifactKey: Guid(da4e33416b5b1734ba29cd658d1cfd5e) Importer(2089858483,0ecaa5967403d082aa24f35e1b516d23)
Number of updated assets reloaded before import = 0
Start importing Assets/Sprites/Characters/png/3/attack3/3_police_attack_Attack3_002.png using Guid(da4e33416b5b1734ba29cd658d1cfd5e) Importer(2089858483,0ecaa5967403d082aa24f35e1b516d23) Generated GUIDs only implemented for interfaces!
 -> (artifact id: 'b6638aebfb694078c80f957cf44c5279') in 0.059377 seconds 
Number of asset objects unloaded after import = 3
========================================================================
Received Import Request.
  Time since last request: 0.000028 seconds.
  path: Assets/Sprites/Characters/png/3/idle/3_police_Idle_003.png
  artifactKey: Guid(ccf7d458a1c54124e938b74bfae13abd) Importer(2089858483,0ecaa5967403d082aa24f35e1b516d23)
Number of updated assets reloaded before import = 0
Start importing Assets/Sprites/Characters/png/3/idle/3_police_Idle_003.png using Guid(ccf7d458a1c54124e938b74bfae13abd) Importer(2089858483,0ecaa5967403d082aa24f35e1b516d23) Generated GUIDs only implemented for interfaces!
 -> (artifact id: '0ecfc50c6feaf46ad7c67e0ddc07e802') in 0.034237 seconds 
Number of asset objects unloaded after import = 3
========================================================================
Received Import Request.
  Time since last request: 0.000039 seconds.
  path: Assets/Sprites/Characters/png/3/attack3/3_police_attack_Attack3_000.png
  artifactKey: Guid(dc404099115b5114cb8b180f4460e9e9) Importer(2089858483,0ecaa5967403d082aa24f35e1b516d23)
Number of updated assets reloaded before import = 0
Start importing Assets/Sprites/Characters/png/3/attack3/3_police_attack_Attack3_000.png using Guid(dc404099115b5114cb8b180f4460e9e9) Importer(2089858483,0ecaa5967403d082aa24f35e1b516d23) Generated GUIDs only implemented for interfaces!
 -> (artifact id: '690da13fd5bdaedd043ea0847372732f') in 0.078356 seconds 
Number of asset objects unloaded after import = 3
========================================================================
Received Import Request.
  Time since last request: 0.000025 seconds.
  path: Assets/Sprites/Tilesets/Environment/Lantern.png
  artifactKey: Guid(8310647e95ec95e47868a1fff3582012) Importer(2089858483,0ecaa5967403d082aa24f35e1b516d23)
Number of updated assets reloaded before import = 0
Start importing Assets/Sprites/Tilesets/Environment/Lantern.png using Guid(8310647e95ec95e47868a1fff3582012) Importer(2089858483,0ecaa5967403d082aa24f35e1b516d23) Generated GUIDs only implemented for interfaces!
 -> (artifact id: '78119e0558a37f67411691ec8475ff98') in 0.756203 seconds 
Number of asset objects unloaded after import = 3
========================================================================
Received Import Request.
  Time since last request: 0.000045 seconds.
  path: Assets/TIletsets/Inferno/Ground_07.asset
  artifactKey: Guid(2c49dc280bfd5454a8dae709f54ccf96) Importer(2089858483,0ecaa5967403d082aa24f35e1b516d23)
Number of updated assets reloaded before import = 0
Start importing Assets/TIletsets/Inferno/Ground_07.asset using Guid(2c49dc280bfd5454a8dae709f54ccf96) Importer(2089858483,0ecaa5967403d082aa24f35e1b516d23) Generated GUIDs only implemented for interfaces!
 -> (artifact id: 'cd2768374e41a497c2b1f8843844d9dc') in 0.403159 seconds 
Number of asset objects unloaded after import = 3
========================================================================
Received Import Request.
  Time since last request: 0.000055 seconds.
  path: Assets/Sprites/Tilesets/Platformer/Wooden_Box.png
  artifactKey: Guid(b4693257f0bc9ec46988a466781e265c) Importer(2089858483,0ecaa5967403d082aa24f35e1b516d23)
Number of updated assets reloaded before import = 0
Start importing Assets/Sprites/Tilesets/Platformer/Wooden_Box.png using Guid(b4693257f0bc9ec46988a466781e265c) Importer(2089858483,0ecaa5967403d082aa24f35e1b516d23) Generated GUIDs only implemented for interfaces!
 -> (artifact id: 'a4ca10c24f80ff0fdef84e40cc45c7f2') in 0.075666 seconds 
Number of asset objects unloaded after import = 3
========================================================================
Received Import Request.
  Time since last request: 0.000039 seconds.
  path: Assets/Sprites/Characters/png/3/attack/3_police_attack_Attack_000.png
  artifactKey: Guid(08fe940ebdfc0694d8861c77aad14d3b) Importer(2089858483,0ecaa5967403d082aa24f35e1b516d23)
Number of updated assets reloaded before import = 0
Start importing Assets/Sprites/Characters/png/3/attack/3_police_attack_Attack_000.png using Guid(08fe940ebdfc0694d8861c77aad14d3b) Importer(2089858483,0ecaa5967403d082aa24f35e1b516d23) Generated GUIDs only implemented for interfaces!
 -> (artifact id: '12d37e22ab9b93f29ac40b9a0e0ec8b9') in 0.044934 seconds 
Number of asset objects unloaded after import = 3
========================================================================
Received Import Request.
  Time since last request: 0.000039 seconds.
  path: Assets/Sprites/Characters/png/3/attack3/3_police_attack_Attack3_001.png
  artifactKey: Guid(5ea8c14bd4e805d4d996197b3577ff1f) Importer(2089858483,0ecaa5967403d082aa24f35e1b516d23)
Number of updated assets reloaded before import = 0
Start importing Assets/Sprites/Characters/png/3/attack3/3_police_attack_Attack3_001.png using Guid(5ea8c14bd4e805d4d996197b3577ff1f) Importer(2089858483,0ecaa5967403d082aa24f35e1b516d23) Generated GUIDs only implemented for interfaces!
 -> (artifact id: 'ba42bc051fcd1b478174f1d4630476ff') in 0.030347 seconds 
Number of asset objects unloaded after import = 3
========================================================================
Received Import Request.
  Time since last request: 0.000034 seconds.
  path: Assets/Sprites/Characters/png/1/attack1/1_police_attack_Attack1_009.png
  artifactKey: Guid(3d6081fd20d893a448bb38ed0288b7b3) Importer(2089858483,0ecaa5967403d082aa24f35e1b516d23)
Number of updated assets reloaded before import = 0
Start importing Assets/Sprites/Characters/png/1/attack1/1_police_attack_Attack1_009.png using Guid(3d6081fd20d893a448bb38ed0288b7b3) Importer(2089858483,0ecaa5967403d082aa24f35e1b516d23) Generated GUIDs only implemented for interfaces!
 -> (artifact id: 'cb92e0b136d1db056184d89a3d98f128') in 0.034251 seconds 
Number of asset objects unloaded after import = 3
========================================================================
Received Import Request.
  Time since last request: 0.000036 seconds.
  path: Assets/Settings/Scenes/URP2DSceneTemplate.unity
  artifactKey: Guid(2cda990e2423bbf4892e6590ba056729) Importer(2089858483,0ecaa5967403d082aa24f35e1b516d23)
Number of updated assets reloaded before import = 0
Start importing Assets/Settings/Scenes/URP2DSceneTemplate.unity using Guid(2cda990e2423bbf4892e6590ba056729) Importer(2089858483,0ecaa5967403d082aa24f35e1b516d23) Generated GUIDs only implemented for interfaces!
 -> (artifact id: '2043b830ffd26b8f407b80b2921307f3') in 0.016008 seconds 
Number of asset objects unloaded after import = 1
========================================================================
Received Import Request.
  Time since last request: 0.000065 seconds.
  path: Assets/Sprites/Characters/png/1/attack2/1_police_attack_Attack2_001.png
  artifactKey: Guid(1876348dfba287543914ee26b389644b) Importer(2089858483,0ecaa5967403d082aa24f35e1b516d23)
Number of updated assets reloaded before import = 0
Start importing Assets/Sprites/Characters/png/1/attack2/1_police_attack_Attack2_001.png using Guid(1876348dfba287543914ee26b389644b) Importer(2089858483,0ecaa5967403d082aa24f35e1b516d23) Generated GUIDs only implemented for interfaces!
 -> (artifact id: '3c44345bc6c57bfd43aaec99726ba963') in 0.046434 seconds 
Number of asset objects unloaded after import = 3
========================================================================
Received Import Request.
  Time since last request: 0.000062 seconds.
  path: Assets/Sprites/Tilesets/Platformer/Ground_03.png
  artifactKey: Guid(9b7532e270a2aad4da3c0760de20a1ed) Importer(2089858483,0ecaa5967403d082aa24f35e1b516d23)
Number of updated assets reloaded before import = 0
Start importing Assets/Sprites/Tilesets/Platformer/Ground_03.png using Guid(9b7532e270a2aad4da3c0760de20a1ed) Importer(2089858483,0ecaa5967403d082aa24f35e1b516d23) Generated GUIDs only implemented for interfaces!
 -> (artifact id: '71dcca181ea605e3c9e55305ba0df546') in 0.103151 seconds 
Number of asset objects unloaded after import = 3
========================================================================
Received Import Request.
  Time since last request: 0.000062 seconds.
  path: Assets/Sprites/Characters/png/1/idle/1_police_Idle_001.png
  artifactKey: Guid(f59d914efade4cf409789bf8c67442aa) Importer(2089858483,0ecaa5967403d082aa24f35e1b516d23)
Number of updated assets reloaded before import = 0
Start importing Assets/Sprites/Characters/png/1/idle/1_police_Idle_001.png using Guid(f59d914efade4cf409789bf8c67442aa) Importer(2089858483,0ecaa5967403d082aa24f35e1b516d23) Generated GUIDs only implemented for interfaces!
 -> (artifact id: '2ae317452b226c78ff4ef9b3a7f54dd5') in 0.043896 seconds 
Number of asset objects unloaded after import = 3
========================================================================
Received Import Request.
  Time since last request: 0.000036 seconds.
  path: Assets/TIletsets/Inferno/Ground_11.asset
  artifactKey: Guid(68bb1189e94ce3841866b35abda8e057) Importer(2089858483,0ecaa5967403d082aa24f35e1b516d23)
Number of updated assets reloaded before import = 0
Start importing Assets/TIletsets/Inferno/Ground_11.asset using Guid(68bb1189e94ce3841866b35abda8e057) Importer(2089858483,0ecaa5967403d082aa24f35e1b516d23) Generated GUIDs only implemented for interfaces!
 -> (artifact id: '2d90cf8fbc4bdac718da9f9f8292df6f') in 0.344229 seconds 
Number of asset objects unloaded after import = 3
========================================================================
Received Import Request.
  Time since last request: 0.000033 seconds.
  path: Assets/TIletsets/Inferno/Ground_04.asset
  artifactKey: Guid(050161e8eb175d9448f0927718998241) Importer(2089858483,0ecaa5967403d082aa24f35e1b516d23)
Number of updated assets reloaded before import = 0
Start importing Assets/TIletsets/Inferno/Ground_04.asset using Guid(050161e8eb175d9448f0927718998241) Importer(2089858483,0ecaa5967403d082aa24f35e1b516d23) Generated GUIDs only implemented for interfaces!
 -> (artifact id: '6f241f15423a38fbcc12b31b9db5240f') in 0.620681 seconds 
Number of asset objects unloaded after import = 3
========================================================================
Received Import Request.
  Time since last request: 0.000048 seconds.
  path: Assets/Sprites/Tilesets/Platformer/Ground_10.png
  artifactKey: Guid(7529a10272c39014e9f806ec5094478d) Importer(2089858483,0ecaa5967403d082aa24f35e1b516d23)
Number of updated assets reloaded before import = 0
Start importing Assets/Sprites/Tilesets/Platformer/Ground_10.png using Guid(7529a10272c39014e9f806ec5094478d) Importer(2089858483,0ecaa5967403d082aa24f35e1b516d23) Generated GUIDs only implemented for interfaces!
 -> (artifact id: 'e07fa1ced20fdeaa69f7e3eecf3a9197') in 0.159456 seconds 
Number of asset objects unloaded after import = 3
========================================================================
Received Import Request.
  Time since last request: 0.000045 seconds.
  path: Assets/Sprites/Characters/png/1/attack/1_police_attack_Attack_000_003.png
  artifactKey: Guid(dfa2052a0b5f4a34b9ca82bc65ad6abc) Importer(2089858483,0ecaa5967403d082aa24f35e1b516d23)
Number of updated assets reloaded before import = 0
Start importing Assets/Sprites/Characters/png/1/attack/1_police_attack_Attack_000_003.png using Guid(dfa2052a0b5f4a34b9ca82bc65ad6abc) Importer(2089858483,0ecaa5967403d082aa24f35e1b516d23) Generated GUIDs only implemented for interfaces!
 -> (artifact id: '36569ebd4c8baf71610eb92fed74ec0c') in 0.451644 seconds 
Number of asset objects unloaded after import = 3
========================================================================
Received Import Request.
  Time since last request: 0.000031 seconds.
  path: Assets/Sprites/Characters/png/1/run/1_police_Run_003.png
  artifactKey: Guid(5cbdd087691fd6e4ab2ddb4929affdeb) Importer(2089858483,0ecaa5967403d082aa24f35e1b516d23)
Number of updated assets reloaded before import = 0
Start importing Assets/Sprites/Characters/png/1/run/1_police_Run_003.png using Guid(5cbdd087691fd6e4ab2ddb4929affdeb) Importer(2089858483,0ecaa5967403d082aa24f35e1b516d23) Generated GUIDs only implemented for interfaces!
 -> (artifact id: '056eaa6aabe0ed698c5a36a73c19362f') in 0.085901 seconds 
Number of asset objects unloaded after import = 3
========================================================================
Received Import Request.
  Time since last request: 0.000042 seconds.
  path: Assets/Sprites/Characters/png/2/jump/2_police_Jump_000.png
  artifactKey: Guid(71e2d7b16d2bc1a4798af1bcb6bb9d1c) Importer(2089858483,0ecaa5967403d082aa24f35e1b516d23)
Number of updated assets reloaded before import = 0
Start importing Assets/Sprites/Characters/png/2/jump/2_police_Jump_000.png using Guid(71e2d7b16d2bc1a4798af1bcb6bb9d1c) Importer(2089858483,0ecaa5967403d082aa24f35e1b516d23) Generated GUIDs only implemented for interfaces!
 -> (artifact id: 'b92e67535fe26abe778ce9ebf338dad4') in 0.057687 seconds 
Number of asset objects unloaded after import = 3
========================================================================
Received Import Request.
  Time since last request: 0.000047 seconds.
  path: Assets/Sprites/Tilesets/Environment/Demonic_Tree_01.png
  artifactKey: Guid(4ff67a00a64e90f4d926969a5a87b79f) Importer(2089858483,0ecaa5967403d082aa24f35e1b516d23)
Number of updated assets reloaded before import = 0
Start importing Assets/Sprites/Tilesets/Environment/Demonic_Tree_01.png using Guid(4ff67a00a64e90f4d926969a5a87b79f) Importer(2089858483,0ecaa5967403d082aa24f35e1b516d23) Generated GUIDs only implemented for interfaces!
 -> (artifact id: 'caabd07eb8be72762998293918f445c7') in 0.085869 seconds 
Number of asset objects unloaded after import = 3
========================================================================
Received Import Request.
  Time since last request: 5.594557 seconds.
  path: Assets/Sprites/Characters/png/3/jump/3_police_Jump_000.png
  artifactKey: Guid(2e615256a4d973d4e8f4265eceb2733d) Importer(2089858483,0ecaa5967403d082aa24f35e1b516d23)
Number of updated assets reloaded before import = 0
Start importing Assets/Sprites/Characters/png/3/jump/3_police_Jump_000.png using Guid(2e615256a4d973d4e8f4265eceb2733d) Importer(2089858483,0ecaa5967403d082aa24f35e1b516d23) Generated GUIDs only implemented for interfaces!
 -> (artifact id: '036bac67e3d0a42789c3407449dc8f3b') in 0.160310 seconds 
Number of asset objects unloaded after import = 3
========================================================================
Received Import Request.
  Time since last request: 0.000073 seconds.
  path: Assets/Sprites/Characters/png/3/run/3_police_Run_005.png
  artifactKey: Guid(4ec1980fa6fe1294aa87906b8bcb2e5d) Importer(2089858483,0ecaa5967403d082aa24f35e1b516d23)
Number of updated assets reloaded before import = 0
Start importing Assets/Sprites/Characters/png/3/run/3_police_Run_005.png using Guid(4ec1980fa6fe1294aa87906b8bcb2e5d) Importer(2089858483,0ecaa5967403d082aa24f35e1b516d23) Generated GUIDs only implemented for interfaces!
 -> (artifact id: '5c378d7c283ed1720a39dc8a47a9599f') in 0.096579 seconds 
Number of asset objects unloaded after import = 3
========================================================================
Received Import Request.
  Time since last request: 0.000058 seconds.
  path: Assets/Sprites/Characters/png/3/jump/3_police_Jump_003.png
  artifactKey: Guid(26aaa852cf34aa540b7a67bb6570dfe5) Importer(2089858483,0ecaa5967403d082aa24f35e1b516d23)
Number of updated assets reloaded before import = 0
Start importing Assets/Sprites/Characters/png/3/jump/3_police_Jump_003.png using Guid(26aaa852cf34aa540b7a67bb6570dfe5) Importer(2089858483,0ecaa5967403d082aa24f35e1b516d23) Generated GUIDs only implemented for interfaces!
 -> (artifact id: '608c7ec239e3603244eab3e26b4d3ff1') in 0.348807 seconds 
Number of asset objects unloaded after import = 3
========================================================================
Received Import Request.
  Time since last request: 0.000047 seconds.
  path: Assets/Sprites/Characters/png/3/run/3_police_Run_001.png
  artifactKey: Guid(1572a79c09fc05347ae3b264557e9ad9) Importer(2089858483,0ecaa5967403d082aa24f35e1b516d23)
Number of updated assets reloaded before import = 0
Start importing Assets/Sprites/Characters/png/3/run/3_police_Run_001.png using Guid(1572a79c09fc05347ae3b264557e9ad9) Importer(2089858483,0ecaa5967403d082aa24f35e1b516d23) Generated GUIDs only implemented for interfaces!
 -> (artifact id: '650613d11873212e07a912fa3e1f8aa4') in 0.241422 seconds 
Number of asset objects unloaded after import = 3
========================================================================
Received Import Request.
  Time since last request: 0.001368 seconds.
  path: Assets/Sprites/Characters/png/3/jump/3_police_Jump_005.png
  artifactKey: Guid(1b7c70d92cf155c44b926887d7f3a0c0) Importer(2089858483,0ecaa5967403d082aa24f35e1b516d23)
Number of updated assets reloaded before import = 0
Start importing Assets/Sprites/Characters/png/3/jump/3_police_Jump_005.png using Guid(1b7c70d92cf155c44b926887d7f3a0c0) Importer(2089858483,0ecaa5967403d082aa24f35e1b516d23) Generated GUIDs only implemented for interfaces!
 -> (artifact id: '86d9915adf44f818abbaea6ea1530cad') in 0.221246 seconds 
Number of asset objects unloaded after import = 3
========================================================================
Received Import Request.
  Time since last request: 0.000056 seconds.
  path: Assets/Sprites/Characters/png/3/walk/3_police_Walk_001.png
  artifactKey: Guid(f0f01ce884e052e4fba8ff9576a27c61) Importer(2089858483,0ecaa5967403d082aa24f35e1b516d23)
Number of updated assets reloaded before import = 0
Start importing Assets/Sprites/Characters/png/3/walk/3_police_Walk_001.png using Guid(f0f01ce884e052e4fba8ff9576a27c61) Importer(2089858483,0ecaa5967403d082aa24f35e1b516d23) Generated GUIDs only implemented for interfaces!
 -> (artifact id: '6744c260dc4cfc8818fb6106f3f344ea') in 0.978270 seconds 
Number of asset objects unloaded after import = 3
========================================================================
Received Import Request.
  Time since last request: 0.000067 seconds.
  path: Assets/Sprites/Characters/png/3/run/3_police_Run_004.png
  artifactKey: Guid(5f54d306859a7544482aff156878dd3a) Importer(2089858483,0ecaa5967403d082aa24f35e1b516d23)
Number of updated assets reloaded before import = 0
Start importing Assets/Sprites/Characters/png/3/run/3_police_Run_004.png using Guid(5f54d306859a7544482aff156878dd3a) Importer(2089858483,0ecaa5967403d082aa24f35e1b516d23) Generated GUIDs only implemented for interfaces!
 -> (artifact id: '94c843a14b13cc32c084bb08eebc685e') in 0.159606 seconds 
Number of asset objects unloaded after import = 3
Editor requested this worker to shutdown with reason: Scaling down because of idle timeout
AssetImportWorker is now disconnected from the server
Process exiting
Exiting without the bug reporter. Application will terminate with return code 0