Using pre-set license
Built from '2021.3/staging' branch; Version is '2021.3.31f1 (3409e2af086f) revision 3410402'; Using compiler version '192829333'; Build Type 'Release'
OS: 'Windows 11  (10.0.22621) 64bit Professional' Language: 'es' Physical Memory: 22450 MB
BatchMode: 1, IsHumanControllingUs: 0, StartBugReporterOnCrash: 0, Is64bit: 1, IsPro: 1

COMMAND LINE ARGUMENTS:
C:\Program Files\Unity\Hub\Editor\2021.3.31f1\Editor\Unity.exe
-adb2
-batchMode
-noUpm
-name
AssetImportWorker5
-projectPath
E:/Documentos/GitHub/Proyecto_Videojugos_G6/ProyectoG6
-logFile
Logs/AssetImportWorker5.log
-srvPort
58153
Successfully changed project path to: E:/Documentos/GitHub/Proyecto_Videojugos_G6/ProyectoG6
E:/Documentos/GitHub/Proyecto_Videojugos_G6/ProyectoG6
[UnityMemory] Configuration Parameters - Can be set up in boot.config
    "memorysetup-bucket-allocator-granularity=16"
    "memorysetup-bucket-allocator-bucket-count=8"
    "memorysetup-bucket-allocator-block-size=33554432"
    "memorysetup-bucket-allocator-block-count=8"
    "memorysetup-main-allocator-block-size=16777216"
    "memorysetup-thread-allocator-block-size=16777216"
    "memorysetup-gfx-main-allocator-block-size=16777216"
    "memorysetup-gfx-thread-allocator-block-size=16777216"
    "memorysetup-cache-allocator-block-size=4194304"
    "memorysetup-typetree-allocator-block-size=2097152"
    "memorysetup-profiler-bucket-allocator-granularity=16"
    "memorysetup-profiler-bucket-allocator-bucket-count=8"
    "memorysetup-profiler-bucket-allocator-block-size=33554432"
    "memorysetup-profiler-bucket-allocator-block-count=8"
    "memorysetup-profiler-allocator-block-size=16777216"
    "memorysetup-profiler-editor-allocator-block-size=1048576"
    "memorysetup-temp-allocator-size-main=16777216"
    "memorysetup-job-temp-allocator-block-size=2097152"
    "memorysetup-job-temp-allocator-block-size-background=1048576"
    "memorysetup-job-temp-allocator-reduction-small-platforms=262144"
    "memorysetup-temp-allocator-size-background-worker=32768"
    "memorysetup-temp-allocator-size-job-worker=262144"
    "memorysetup-temp-allocator-size-preload-manager=33554432"
    "memorysetup-temp-allocator-size-nav-mesh-worker=65536"
    "memorysetup-temp-allocator-size-audio-worker=65536"
    "memorysetup-temp-allocator-size-cloud-worker=32768"
    "memorysetup-temp-allocator-size-gi-baking-worker=262144"
    "memorysetup-temp-allocator-size-gfx=262144"
Player connection [17644] Host "[IP] 192.168.1.11 [Port] 0 [Flags] 2 [Guid] 1764811147 [EditorId] 1764811147 [Version] 1048832 [Id] WindowsEditor(7,DESKTOP-BAHVHBI) [Debug] 1 [PackageName] WindowsEditor [ProjectName] Editor" joined multi-casting on [225.0.0.222:54997]...

Player connection [17644] Host "[IP] 192.168.1.11 [Port] 0 [Flags] 2 [Guid] 1764811147 [EditorId] 1764811147 [Version] 1048832 [Id] WindowsEditor(7,DESKTOP-BAHVHBI) [Debug] 1 [PackageName] WindowsEditor [ProjectName] Editor" joined alternative multi-casting on [225.0.0.222:34997]...

[Physics::Module] Initialized MultithreadedJobDispatcher with {0} workers.
Refreshing native plugins compatible for Editor in 240.20 ms, found 4 plugins.
Preloading 0 native plugins for Editor in 0.00 ms.
Initialize engine version: 2021.3.31f1 (3409e2af086f)
[Subsystems] Discovering subsystems at path C:/Program Files/Unity/Hub/Editor/2021.3.31f1/Editor/Data/Resources/UnitySubsystems
[Subsystems] Discovering subsystems at path E:/Documentos/GitHub/Proyecto_Videojugos_G6/ProyectoG6/Assets
GfxDevice: creating device client; threaded=0; jobified=0
Direct3D:
    Version:  Direct3D 11.0 [level 11.1]
    Renderer: AMD Radeon RX 6600 (ID=0x73ff)
    Vendor:   ATI
    VRAM:     8147 MB
    Driver:   31.0.21018.6011
Initialize mono
Mono path[0] = 'C:/Program Files/Unity/Hub/Editor/2021.3.31f1/Editor/Data/Managed'
Mono path[1] = 'C:/Program Files/Unity/Hub/Editor/2021.3.31f1/Editor/Data/MonoBleedingEdge/lib/mono/unityjit-win32'
Mono config path = 'C:/Program Files/Unity/Hub/Editor/2021.3.31f1/Editor/Data/MonoBleedingEdge/etc'
Using monoOptions --debugger-agent=transport=dt_socket,embedding=1,server=y,suspend=n,address=127.0.0.1:56160
Begin MonoManager ReloadAssembly
Registering precompiled unity dll's ...
Register platform support module: C:/Program Files/Unity/Hub/Editor/2021.3.31f1/Editor/Data/PlaybackEngines/WindowsStandaloneSupport/UnityEditor.WindowsStandalone.Extensions.dll
Registered in 0.008499 seconds.
Native extension for WindowsStandalone target not found
Refreshing native plugins compatible for Editor in 159.67 ms, found 4 plugins.
Preloading 0 native plugins for Editor in 0.00 ms.
Mono: successfully reloaded assembly
- Completed reload, in  1.033 seconds
Domain Reload Profiling:
	ReloadAssembly (1034ms)
		BeginReloadAssembly (131ms)
			ExecutionOrderSort (0ms)
			DisableScriptedObjects (0ms)
			BackupInstance (0ms)
			ReleaseScriptingObjects (0ms)
			CreateAndSetChildDomain (1ms)
		EndReloadAssembly (730ms)
			LoadAssemblies (128ms)
			RebuildTransferFunctionScriptingTraits (0ms)
			SetupTypeCache (184ms)
			ReleaseScriptCaches (0ms)
			RebuildScriptCaches (36ms)
			SetupLoadedEditorAssemblies (449ms)
				LogAssemblyErrors (0ms)
				InitializePlatformSupportModulesInManaged (12ms)
				SetLoadedEditorAssemblies (0ms)
				RefreshPlugins (160ms)
				BeforeProcessingInitializeOnLoad (2ms)
				ProcessInitializeOnLoadAttributes (199ms)
				ProcessInitializeOnLoadMethodAttributes (76ms)
				AfterProcessingInitializeOnLoad (0ms)
				EditorAssembliesLoaded (0ms)
			ExecutionOrderSort2 (0ms)
			AwakeInstancesAfterBackupRestoration (0ms)
Platform modules already initialized, skipping
Registering precompiled user dll's ...
Registered in 0.005870 seconds.
Begin MonoManager ReloadAssembly
Native extension for WindowsStandalone target not found
Refreshing native plugins compatible for Editor in 223.30 ms, found 4 plugins.
Preloading 0 native plugins for Editor in 0.00 ms.
System.Exception: Error! Visual Scripting: couldn't find visual scripting package
  at Unity.VisualScripting.PackageVersionUtility.get_version () [0x00043] in E:\Documentos\GitHub\Proyecto_Videojugos_G6\ProyectoG6\Library\PackageCache\com.unity.visualscripting@1.9.1\Editor\VisualScripting.Core\Utilities\PackageVersionUtility.cs:31 
  at Unity.VisualScripting.BoltCoreManifest.get_version () [0x00000] in E:\Documentos\GitHub\Proyecto_Videojugos_G6\ProyectoG6\Library\PackageCache\com.unity.visualscripting@1.9.1\Editor\VisualScripting.Core\Plugin\BoltCoreManifest.cs:11 
  at Unity.VisualScripting.PluginManifest.get_currentVersion () [0x00000] in E:\Documentos\GitHub\Proyecto_Videojugos_G6\ProyectoG6\Library\PackageCache\com.unity.visualscripting@1.9.1\Editor\VisualScripting.Core\Plugins\PluginManifest.cs:33 
  at Unity.VisualScripting.PluginManifest.get_versionMismatch () [0x00000] in E:\Documentos\GitHub\Proyecto_Videojugos_G6\ProyectoG6\Library\PackageCache\com.unity.visualscripting@1.9.1\Editor\VisualScripting.Core\Plugins\PluginManifest.cs:48 
  at Unity.VisualScripting.PluginContainer.Initialize () [0x00525] in E:\Documentos\GitHub\Proyecto_Videojugos_G6\ProyectoG6\Library\PackageCache\com.unity.visualscripting@1.9.1\Editor\VisualScripting.Core\Plugins\PluginContainer.cs:208 
  at Unity.VisualScripting.PluginContainer.InitializeOnLoad () [0x00009] in E:\Documentos\GitHub\Proyecto_Videojugos_G6\ProyectoG6\Library\PackageCache\com.unity.visualscripting@1.9.1\Editor\VisualScripting.Core\Plugins\PluginContainer.cs:32 
  at Unity.VisualScripting.VSUsageUtility.DoInitializeOnLoadCalls () [0x00034] in E:\Documentos\GitHub\Proyecto_Videojugos_G6\ProyectoG6\Library\PackageCache\com.unity.visualscripting@1.9.1\Editor\VisualScripting.Core\Utilities\VSUsageUtility.cs:76 
  at Unity.VisualScripting.VSUsageUtility.set_isVisualScriptingUsed (System.Boolean value) [0x0002c] in E:\Documentos\GitHub\Proyecto_Videojugos_G6\ProyectoG6\Library\PackageCache\com.unity.visualscripting@1.9.1\Editor\VisualScripting.Core\Utilities\VSUsageUtility.cs:114 
  at Unity.VisualScripting.VSUsageUtility.CheckAndSetIsVisualScriptingUsed () [0x00032] in E:\Documentos\GitHub\Proyecto_Videojugos_G6\ProyectoG6\Library\PackageCache\com.unity.visualscripting@1.9.1\Editor\VisualScripting.Core\Utilities\VSUsageUtility.cs:48 
  at Unity.VisualScripting.VSUsageUtility..cctor () [0x00000] in E:\Documentos\GitHub\Proyecto_Videojugos_G6\ProyectoG6\Library\PackageCache\com.unity.visualscripting@1.9.1\Editor\VisualScripting.Core\Utilities\VSUsageUtility.cs:22 
UnityEngine.StackTraceUtility:ExtractStackTrace ()
UnityEngine.DebugLogHandler:LogFormat (UnityEngine.LogType,UnityEngine.Object,string,object[])
UnityEngine.Logger:Log (UnityEngine.LogType,object)
UnityEngine.Debug:LogError (object)
UnityEditor.EditorAssemblies:ProcessInitializeOnLoadAttributes (System.Type[])

Package Manager log level set to [2]
[Package Manager] Server::EnsureServerProcessIsRunning -- launch failed, reason: Unity was launched with the -noUpm command-line argument
[Package Manager] Cannot connect to Unity Package Manager local server

=================================================================
	Native Crash Reporting
=================================================================
Got a UNKNOWN while executing native code. This usually indicates
a fatal error in the mono runtime or one of the native libraries 
used by your application.
=================================================================

=================================================================
	Managed Stacktrace:
=================================================================
	  at <unknown> <0xffffffff>
	  at System.Object:__icall_wrapper_ves_icall_object_new_specific <0x0006a>
	  at System.Enum:InternalFlagsFormat <0x00082>
	  at System.Enum:InternalFormat <0x0007a>
	  at System.Enum:ToString <0x00072>
	  at System.Enum:ToString <0x00014>
	  at UnityEngine.UIElements.UxmlEnumAttributeDescription`1:.ctor <0x002d2>
	  at UxmlTraits:.ctor <0x00352>
	  at UxmlTraits:.ctor <0x00022>
	  at System.Object:runtime_invoke_void__this__ <0x000d5>
	  at <unknown> <0xffffffff>
	  at System.Reflection.RuntimeConstructorInfo:InternalInvoke <0x000af>
	  at System.Reflection.RuntimeConstructorInfo:InternalInvoke <0x0005a>
	  at System.RuntimeType:CreateInstanceMono <0x001aa>
	  at System.RuntimeType:CreateInstanceSlow <0x0005a>
	  at System.RuntimeType:CreateInstanceDefaultCtor <0x0006a>
	  at System.Activator:CreateInstance <0x000ba>
	  at UnityEngine.UIElements.UxmlFactory`2:.ctor <0x00032>
	  at UxmlFactory:.ctor <0x0001a>
	  at UnityEngine.UIElements.VisualElementFactoryRegistry:RegisterEngineFactories <0x002da>
	  at UnityEngine.UIElements.VisualElementFactoryRegistry:get_factories <0x000a2>
	  at UnityEngine.UIElements.VisualElementFactoryRegistry:RegisterFactory <0x00052>
	  at UnityEditor.UIElements.UXMLEditorFactories:.cctor <0x002d2>
	  at System.Object:runtime_invoke_void <0x00084>
	  at <unknown> <0xffffffff>
	  at System.Runtime.CompilerServices.RuntimeHelpers:RunClassConstructor <0x00069>
	  at System.Runtime.CompilerServices.RuntimeHelpers:RunClassConstructor <0x0003a>
	  at UnityEditor.EditorAssemblies:ProcessInitializeOnLoadAttributes <0x00642>
	  at <Module>:runtime_invoke_void_object <0x00087>
=================================================================
Mono: successfully reloaded assembly
- Completed reload, in  3.581 seconds
Domain Reload Profiling:
	ReloadAssembly (3582ms)
		BeginReloadAssembly (179ms)
			ExecutionOrderSort (0ms)
			DisableScriptedObjects (9ms)
			BackupInstance (0ms)
			ReleaseScriptingObjects (0ms)
			CreateAndSetChildDomain (24ms)
		EndReloadAssembly (3243ms)
			LoadAssemblies (154ms)
			RebuildTransferFunctionScriptingTraits (0ms)
			SetupTypeCache (526ms)
			ReleaseScriptCaches (1ms)
			RebuildScriptCaches (143ms)
			SetupLoadedEditorAssemblies (2360ms)
				LogAssemblyErrors (0ms)
				InitializePlatformSupportModulesInManaged (8ms)
				SetLoadedEditorAssemblies (0ms)
				RefreshPlugins (223ms)
				BeforeProcessingInitializeOnLoad (231ms)
				ProcessInitializeOnLoadAttributes (1724ms)
				ProcessInitializeOnLoadMethodAttributes (163ms)
				AfterProcessingInitializeOnLoad (10ms)
				EditorAssembliesLoaded (0ms)
			ExecutionOrderSort2 (0ms)
			AwakeInstancesAfterBackupRestoration (9ms)
Platform modules already initialized, skipping
========================================================================
Worker process is ready to serve import requests
Launched and connected shader compiler UnityShaderCompiler.exe after 0.07 seconds
Refreshing native plugins compatible for Editor in 2.08 ms, found 4 plugins.
Preloading 0 native plugins for Editor in 0.00 ms.
Unloading 5467 Unused Serialized files (Serialized files now loaded: 0)
Unloading 54 unused Assets / (0.8 MB). Loaded Objects now: 5919.
Memory consumption went from 216.7 MB to 215.9 MB.
Total: 22.200600 ms (FindLiveObjects: 0.655900 ms CreateObjectMapping: 0.547700 ms MarkObjects: 20.530100 ms  DeleteObjects: 0.465500 ms)

AssetImportParameters requested are different than current active one (requested -> active):
  custom:video-decoder-ogg-theora: a1e56fd34408186e4bbccfd4996cb3dc -> 
  custom:container-muxer-webm: aa71ff27fc2769a1b78a27578f13a17b -> 
  custom:container-demuxer-webm: 4f35f7cbe854078d1ac9338744f61a02 -> 
  custom:video-encoder-webm-vp8: eb34c28f22e8b96e1ab97ce403110664 -> 
  custom:video-codec-MediaFoundation-h265: 746d11721c4dcdbdad8f713fa42b33f4 -> 
  custom:CustomObjectIndexerAttribute: 6b0e35c9178b02a6363f3721b7b8e397 -> 
  custom:audio-encoder-webm-vorbis: bf7c407c2cedff20999df2af8eb42d56 -> 
  custom:framework-win-MediaFoundation: 216162199b28c13a410421893ffa2e32 -> 
  custom:SearchIndexIgnoredProperties: e643bd26f0fe6173181afceb89e7c659 -> 
  custom:container-demuxer-ogg: 62fdf1f143b41e24485cea50d1cbac27 -> 
  custom:video-decoder-webm-vp8: 9c59270c3fd7afecdb556c50c9e8de78 -> 
  custom:audio-decoder-ogg-vorbis: bf7c407c2cedff20999df2af8eb42d56 -> 
========================================================================
Received Import Request.
  Time since last request: 154124.257909 seconds.
  path: Assets/Sprites/Characters/png/2/walk/2_police_Walk_001.png
  artifactKey: Guid(62f1728f8dd8cb8468cf9141a11d499f) Importer(815301076,1909f56bfc062723c751e8b465ee728b)
Number of updated assets reloaded before import = 0
Start importing Assets/Sprites/Characters/png/2/walk/2_police_Walk_001.png using Guid(62f1728f8dd8cb8468cf9141a11d499f) Importer(815301076,1909f56bfc062723c751e8b465ee728b)  -> (artifact id: 'd52e9fe147c6168a685c7684765c76d0') in 0.451912 seconds 
Number of asset objects unloaded after import = 3
========================================================================
Received Import Request.
  Time since last request: 0.000045 seconds.
  path: Assets/Sprites/Characters/png/2/walk/2_police_Walk_005.png
  artifactKey: Guid(a5655da5f29929b4a97b9181798ab216) Importer(815301076,1909f56bfc062723c751e8b465ee728b)
Number of updated assets reloaded before import = 0
Start importing Assets/Sprites/Characters/png/2/walk/2_police_Walk_005.png using Guid(a5655da5f29929b4a97b9181798ab216) Importer(815301076,1909f56bfc062723c751e8b465ee728b)  -> (artifact id: '11ae532c061b27095b7f08d3518f9d50') in 0.106323 seconds 
Number of asset objects unloaded after import = 3
========================================================================
Received Import Request.
  Time since last request: 0.000039 seconds.
  path: Assets/Sprites/Characters/png/2/walk/2_police_Walk_002.png
  artifactKey: Guid(ba541fba085fe4f41bb3b27f4eed0100) Importer(815301076,1909f56bfc062723c751e8b465ee728b)
Number of updated assets reloaded before import = 0
Start importing Assets/Sprites/Characters/png/2/walk/2_police_Walk_002.png using Guid(ba541fba085fe4f41bb3b27f4eed0100) Importer(815301076,1909f56bfc062723c751e8b465ee728b)  -> (artifact id: 'a0aa64733cfd7ce446ff125a1d43373c') in 0.140726 seconds 
Number of asset objects unloaded after import = 3
========================================================================
Received Import Request.
  Time since last request: 0.000030 seconds.
  path: Assets/Sprites/Characters/png/2/walk/2_police_Walk_004.png
  artifactKey: Guid(9013c453d7fff1140be81837b6990a96) Importer(815301076,1909f56bfc062723c751e8b465ee728b)
Number of updated assets reloaded before import = 0
Start importing Assets/Sprites/Characters/png/2/walk/2_police_Walk_004.png using Guid(9013c453d7fff1140be81837b6990a96) Importer(815301076,1909f56bfc062723c751e8b465ee728b)  -> (artifact id: '662f018e7f625b5f3ec4b774c3311308') in 0.143284 seconds 
Number of asset objects unloaded after import = 3
========================================================================
Received Import Request.
  Time since last request: 12.540199 seconds.
  path: Assets/Sprites/Characters/png/2/idle/2_police_Idle_002.png
  artifactKey: Guid(43a290b3ee5061841a3608c5dd52978a) Importer(815301076,1909f56bfc062723c751e8b465ee728b)
Number of updated assets reloaded before import = 0
Start importing Assets/Sprites/Characters/png/2/idle/2_police_Idle_002.png using Guid(43a290b3ee5061841a3608c5dd52978a) Importer(815301076,1909f56bfc062723c751e8b465ee728b)  -> (artifact id: '78cac9108801ec4320ad6f574eb4f330') in 0.102020 seconds 
Number of asset objects unloaded after import = 3
========================================================================
Received Prepare
Registering precompiled user dll's ...
Registered in 0.008380 seconds.
Begin MonoManager ReloadAssembly
Native extension for WindowsStandalone target not found
Refreshing native plugins compatible for Editor in 3.72 ms, found 4 plugins.
Preloading 0 native plugins for Editor in 0.00 ms.
System.Exception: Error! Visual Scripting: couldn't find visual scripting package
  at Unity.VisualScripting.PackageVersionUtility.get_version () [0x00043] in E:\Documentos\GitHub\Proyecto_Videojugos_G6\ProyectoG6\Library\PackageCache\com.unity.visualscripting@1.9.1\Editor\VisualScripting.Core\Utilities\PackageVersionUtility.cs:31 
  at Unity.VisualScripting.BoltCoreManifest.get_version () [0x00000] in E:\Documentos\GitHub\Proyecto_Videojugos_G6\ProyectoG6\Library\PackageCache\com.unity.visualscripting@1.9.1\Editor\VisualScripting.Core\Plugin\BoltCoreManifest.cs:11 
  at Unity.VisualScripting.PluginManifest.get_currentVersion () [0x00000] in E:\Documentos\GitHub\Proyecto_Videojugos_G6\ProyectoG6\Library\PackageCache\com.unity.visualscripting@1.9.1\Editor\VisualScripting.Core\Plugins\PluginManifest.cs:33 
  at Unity.VisualScripting.PluginManifest.get_versionMismatch () [0x00000] in E:\Documentos\GitHub\Proyecto_Videojugos_G6\ProyectoG6\Library\PackageCache\com.unity.visualscripting@1.9.1\Editor\VisualScripting.Core\Plugins\PluginManifest.cs:48 
  at Unity.VisualScripting.PluginContainer.Initialize () [0x00525] in E:\Documentos\GitHub\Proyecto_Videojugos_G6\ProyectoG6\Library\PackageCache\com.unity.visualscripting@1.9.1\Editor\VisualScripting.Core\Plugins\PluginContainer.cs:208 
  at Unity.VisualScripting.PluginContainer.InitializeOnLoad () [0x00009] in E:\Documentos\GitHub\Proyecto_Videojugos_G6\ProyectoG6\Library\PackageCache\com.unity.visualscripting@1.9.1\Editor\VisualScripting.Core\Plugins\PluginContainer.cs:32 
  at Unity.VisualScripting.VSUsageUtility.DoInitializeOnLoadCalls () [0x00034] in E:\Documentos\GitHub\Proyecto_Videojugos_G6\ProyectoG6\Library\PackageCache\com.unity.visualscripting@1.9.1\Editor\VisualScripting.Core\Utilities\VSUsageUtility.cs:76 
  at Unity.VisualScripting.VSUsageUtility.set_isVisualScriptingUsed (System.Boolean value) [0x0002c] in E:\Documentos\GitHub\Proyecto_Videojugos_G6\ProyectoG6\Library\PackageCache\com.unity.visualscripting@1.9.1\Editor\VisualScripting.Core\Utilities\VSUsageUtility.cs:114 
  at Unity.VisualScripting.VSUsageUtility.CheckAndSetIsVisualScriptingUsed () [0x0000d] in E:\Documentos\GitHub\Proyecto_Videojugos_G6\ProyectoG6\Library\PackageCache\com.unity.visualscripting@1.9.1\Editor\VisualScripting.Core\Utilities\VSUsageUtility.cs:33 
  at Unity.VisualScripting.VSUsageUtility..cctor () [0x00000] in E:\Documentos\GitHub\Proyecto_Videojugos_G6\ProyectoG6\Library\PackageCache\com.unity.visualscripting@1.9.1\Editor\VisualScripting.Core\Utilities\VSUsageUtility.cs:22 
UnityEngine.StackTraceUtility:ExtractStackTrace ()
UnityEngine.DebugLogHandler:LogFormat (UnityEngine.LogType,UnityEngine.Object,string,object[])
UnityEngine.Logger:Log (UnityEngine.LogType,object)
UnityEngine.Debug:LogError (object)
UnityEditor.EditorAssemblies:ProcessInitializeOnLoadAttributes (System.Type[])

[Package Manager] Server::EnsureServerProcessIsRunning -- launch failed, reason: Unity was launched with the -noUpm command-line argument
[Package Manager] Cannot connect to Unity Package Manager local server
Mono: successfully reloaded assembly
- Completed reload, in  4.886 seconds
Domain Reload Profiling:
	ReloadAssembly (4887ms)
		BeginReloadAssembly (315ms)
			ExecutionOrderSort (0ms)
			DisableScriptedObjects (10ms)
			BackupInstance (0ms)
			ReleaseScriptingObjects (0ms)
			CreateAndSetChildDomain (100ms)
		EndReloadAssembly (4399ms)
			LoadAssemblies (203ms)
			RebuildTransferFunctionScriptingTraits (0ms)
			SetupTypeCache (697ms)
			ReleaseScriptCaches (5ms)
			RebuildScriptCaches (192ms)
			SetupLoadedEditorAssemblies (2339ms)
				LogAssemblyErrors (0ms)
				InitializePlatformSupportModulesInManaged (11ms)
				SetLoadedEditorAssemblies (1ms)
				RefreshPlugins (4ms)
				BeforeProcessingInitializeOnLoad (256ms)
				ProcessInitializeOnLoadAttributes (1748ms)
				ProcessInitializeOnLoadMethodAttributes (302ms)
				AfterProcessingInitializeOnLoad (17ms)
				EditorAssembliesLoaded (1ms)
			ExecutionOrderSort2 (0ms)
			AwakeInstancesAfterBackupRestoration (20ms)
Platform modules already initialized, skipping
Refreshing native plugins compatible for Editor in 1.98 ms, found 4 plugins.
Preloading 0 native plugins for Editor in 0.00 ms.
Unloading 5335 Unused Serialized files (Serialized files now loaded: 0)
Unloading 31 unused Assets / (0.8 MB). Loaded Objects now: 5946.
Memory consumption went from 211.3 MB to 210.5 MB.
Total: 23.134500 ms (FindLiveObjects: 0.873800 ms CreateObjectMapping: 0.901500 ms MarkObjects: 20.749400 ms  DeleteObjects: 0.608100 ms)

AssetImportParameters requested are different than current active one (requested -> active):
  custom:video-decoder-ogg-theora: a1e56fd34408186e4bbccfd4996cb3dc -> 
  custom:container-muxer-webm: aa71ff27fc2769a1b78a27578f13a17b -> 
  custom:container-demuxer-webm: 4f35f7cbe854078d1ac9338744f61a02 -> 
  custom:video-encoder-webm-vp8: eb34c28f22e8b96e1ab97ce403110664 -> 
  custom:video-codec-MediaFoundation-h265: 746d11721c4dcdbdad8f713fa42b33f4 -> 
  custom:CustomObjectIndexerAttribute: 6b0e35c9178b02a6363f3721b7b8e397 -> 
  custom:audio-encoder-webm-vorbis: bf7c407c2cedff20999df2af8eb42d56 -> 
  custom:framework-win-MediaFoundation: 216162199b28c13a410421893ffa2e32 -> 
  custom:SearchIndexIgnoredProperties: e643bd26f0fe6173181afceb89e7c659 -> 
  custom:container-demuxer-ogg: 62fdf1f143b41e24485cea50d1cbac27 -> 
  custom:video-decoder-webm-vp8: 9c59270c3fd7afecdb556c50c9e8de78 -> 
  custom:audio-decoder-ogg-vorbis: bf7c407c2cedff20999df2af8eb42d56 -> 
========================================================================
Received Import Request.
  Time since last request: 90.146466 seconds.
  path: Assets/Sprites/Characters/png/2/idle/2_police_Idle_003.png
  artifactKey: Guid(6b6bdbaa8a4021d4aad64087dab1d9d1) Importer(815301076,1909f56bfc062723c751e8b465ee728b)
Number of updated assets reloaded before import = 0
Start importing Assets/Sprites/Characters/png/2/idle/2_police_Idle_003.png using Guid(6b6bdbaa8a4021d4aad64087dab1d9d1) Importer(815301076,1909f56bfc062723c751e8b465ee728b)  -> (artifact id: '06b5d3fd9b8a1f9a7346889ad9076413') in 0.321357 seconds 
Number of asset objects unloaded after import = 3
========================================================================
Received Import Request.
  Time since last request: 0.000047 seconds.
  path: Assets/Sprites/Characters/png/2/idle/2_police_Idle_005.png
  artifactKey: Guid(99d68a4f44d7a764483502b229601448) Importer(815301076,1909f56bfc062723c751e8b465ee728b)
Number of updated assets reloaded before import = 0
Start importing Assets/Sprites/Characters/png/2/idle/2_police_Idle_005.png using Guid(99d68a4f44d7a764483502b229601448) Importer(815301076,1909f56bfc062723c751e8b465ee728b)  -> (artifact id: 'db3b0fd4ca595eb8a65a194ef01515b3') in 0.113426 seconds 
Number of asset objects unloaded after import = 3
========================================================================
Received Import Request.
  Time since last request: 0.000061 seconds.
  path: Assets/Sprites/Characters/png/2/idle/2_police_Idle_006.png
  artifactKey: Guid(2444d8b73b331cd4fb8c9f6efc0c08c2) Importer(815301076,1909f56bfc062723c751e8b465ee728b)
Number of updated assets reloaded before import = 0
Start importing Assets/Sprites/Characters/png/2/idle/2_police_Idle_006.png using Guid(2444d8b73b331cd4fb8c9f6efc0c08c2) Importer(815301076,1909f56bfc062723c751e8b465ee728b)  -> (artifact id: '89afd57dc3896ea5660b949e396d8f58') in 0.097383 seconds 
Number of asset objects unloaded after import = 3
========================================================================
Received Import Request.
  Time since last request: 175.790360 seconds.
  path: Assets/Sprites/Characters/png/2/attack/2_police_attack_Attack_000_000.png
  artifactKey: Guid(e4d6dcda1e0b14f48bb8511e1bf74e4f) Importer(815301076,1909f56bfc062723c751e8b465ee728b)
Number of updated assets reloaded before import = 0
Start importing Assets/Sprites/Characters/png/2/attack/2_police_attack_Attack_000_000.png using Guid(e4d6dcda1e0b14f48bb8511e1bf74e4f) Importer(815301076,1909f56bfc062723c751e8b465ee728b)  -> (artifact id: '108066eb382e27d7bb5f1a8fc804787c') in 0.125038 seconds 
Number of asset objects unloaded after import = 3
========================================================================
Received Import Request.
  Time since last request: 1.052410 seconds.
  path: Assets/Sprites/Characters/png/2/attack/2_police_attack_Attack_000_001.png
  artifactKey: Guid(972dd872683058543849d5c02a7c028c) Importer(815301076,1909f56bfc062723c751e8b465ee728b)
Number of updated assets reloaded before import = 0
Start importing Assets/Sprites/Characters/png/2/attack/2_police_attack_Attack_000_001.png using Guid(972dd872683058543849d5c02a7c028c) Importer(815301076,1909f56bfc062723c751e8b465ee728b)  -> (artifact id: 'c413e1152cc49fd0edc7363ee9e87e26') in 0.168736 seconds 
Number of asset objects unloaded after import = 3
========================================================================
Received Import Request.
  Time since last request: 0.000048 seconds.
  path: Assets/Sprites/Characters/png/2/attack/2_police_attack_Attack_000_005.png
  artifactKey: Guid(19a9c374cbf46134cb7716e3f4ccc21d) Importer(815301076,1909f56bfc062723c751e8b465ee728b)
Number of updated assets reloaded before import = 0
Start importing Assets/Sprites/Characters/png/2/attack/2_police_attack_Attack_000_005.png using Guid(19a9c374cbf46134cb7716e3f4ccc21d) Importer(815301076,1909f56bfc062723c751e8b465ee728b)  -> (artifact id: 'e7bc133f27fdd45e1e4c2c469e2fce76') in 0.143374 seconds 
Number of asset objects unloaded after import = 3
========================================================================
Received Import Request.
  Time since last request: 0.000064 seconds.
  path: Assets/Sprites/Characters/png/2/attack/2_police_attack_Attack_000_003.png
  artifactKey: Guid(951b371ae241344459eba6f3829809d4) Importer(815301076,1909f56bfc062723c751e8b465ee728b)
Number of updated assets reloaded before import = 0
Start importing Assets/Sprites/Characters/png/2/attack/2_police_attack_Attack_000_003.png using Guid(951b371ae241344459eba6f3829809d4) Importer(815301076,1909f56bfc062723c751e8b465ee728b)  -> (artifact id: '6a19c64c42138864dcb69083a183dc7a') in 0.153908 seconds 
Number of asset objects unloaded after import = 3
Editor requested this worker to shutdown with reason: Scaling down because of idle timeout
AssetImportWorker is now disconnected from the server
Process exiting
Exiting without the bug reporter. Application will terminate with return code 0